05-05-2019 22:27:00 - Exception:  Erro: Não foi possível conectar-se ao banco de dados! no arquivo C:\wamp64\www\opencart\system\library\db\mysqli.php na linha 13
05-05-2019 22:28:03 - PHP Notice:  Undefined index: config_name no arquivo C:\wamp64\www\opencart\install\model\upgrade\1004.php na linha 119
05-05-2019 22:39:12 - Exception:  Erro: Não foi possível conectar-se ao banco de dados! no arquivo C:\wamp64\www\opencart\system\library\db\mysqli.php na linha 13
05-05-2019 22:39:19 - Exception:  Erro: Não foi possível conectar-se ao banco de dados! no arquivo C:\wamp64\www\opencart\system\library\db\mysqli.php na linha 13
05-05-2019 23:18:28 - PHP Notice:  Undefined index: config_name no arquivo C:\wamp64\www\opencart\install\model\upgrade\1004.php na linha 119
08-05-2019 23:19:01 - PHP Warning:  mail(): Failed to connect to mailserver at &quot;localhost&quot; port 25, verify your &quot;SMTP&quot; and &quot;smtp_port&quot; setting in php.ini or use ini_set() no arquivo C:\wamp64\www\opencart\system\library\mail\mail.php na linha 77
10-05-2019 13:24:16 - PHP Warning:  filter_var(): Unknown modifier '{' no arquivo C:\wamp64\www\opencart\catalog\controller\account\register.php na linha 257
10-05-2019 13:24:42 - PHP Warning:  filter_var(): Unknown modifier '{' no arquivo C:\wamp64\www\opencart\catalog\controller\account\register.php na linha 257
10-05-2019 13:24:48 - PHP Warning:  filter_var(): Unknown modifier '{' no arquivo C:\wamp64\www\opencart\catalog\controller\account\register.php na linha 257
10-05-2019 13:25:04 - PHP Warning:  filter_var(): Unknown modifier '{' no arquivo C:\wamp64\www\opencart\catalog\controller\account\register.php na linha 257
10-05-2019 13:25:24 - PHP Warning:  filter_var(): Unknown modifier '{' no arquivo C:\wamp64\www\opencart\catalog\controller\account\register.php na linha 257
10-05-2019 13:28:54 - PHP Warning:  filter_var(): Unknown modifier '{' no arquivo C:\wamp64\www\opencart\catalog\controller\account\register.php na linha 257
10-05-2019 13:42:58 - PHP Warning:  filter_var(): Unknown modifier '{' no arquivo C:\wamp64\www\opencart\catalog\controller\account\register.php na linha 257
10-05-2019 13:43:10 - PHP Warning:  filter_var(): Unknown modifier '{' no arquivo C:\wamp64\www\opencart\catalog\controller\account\register.php na linha 257
10-05-2019 17:10:46 - PHP Warning:  mail(): Failed to connect to mailserver at &quot;localhost&quot; port 25, verify your &quot;SMTP&quot; and &quot;smtp_port&quot; setting in php.ini or use ini_set() no arquivo C:\wamp64\www\opencart\system\library\mail\mail.php na linha 77
10-05-2019 17:53:44 - PHP Notice:  Undefined index: firstname no arquivo C:\wamp64\www\opencart\catalog\controller\account\register.php na linha 221
10-05-2019 17:53:44 - PHP Notice:  Undefined index: lastname no arquivo C:\wamp64\www\opencart\catalog\controller\account\register.php na linha 225
10-05-2019 17:53:44 - PHP Notice:  Undefined index: telephone no arquivo C:\wamp64\www\opencart\catalog\controller\account\register.php na linha 237
10-05-2019 17:53:44 - PHP Notice:  Undefined index: password no arquivo C:\wamp64\www\opencart\catalog\controller\account\register.php na linha 263
10-05-2019 17:53:44 - PHP Notice:  Undefined index: confirm no arquivo C:\wamp64\www\opencart\catalog\controller\account\register.php na linha 267
10-05-2019 17:53:44 - PHP Notice:  Undefined index: password no arquivo C:\wamp64\www\opencart\catalog\controller\account\register.php na linha 267
10-05-2019 17:53:59 - PHP Notice:  Undefined index: firstname no arquivo C:\wamp64\www\opencart\catalog\controller\account\register.php na linha 221
10-05-2019 17:53:59 - PHP Notice:  Undefined index: lastname no arquivo C:\wamp64\www\opencart\catalog\controller\account\register.php na linha 225
10-05-2019 17:53:59 - PHP Notice:  Undefined index: telephone no arquivo C:\wamp64\www\opencart\catalog\controller\account\register.php na linha 237
10-05-2019 17:53:59 - PHP Notice:  Undefined index: password no arquivo C:\wamp64\www\opencart\catalog\controller\account\register.php na linha 263
10-05-2019 17:53:59 - PHP Notice:  Undefined index: confirm no arquivo C:\wamp64\www\opencart\catalog\controller\account\register.php na linha 267
10-05-2019 17:53:59 - PHP Notice:  Undefined index: password no arquivo C:\wamp64\www\opencart\catalog\controller\account\register.php na linha 267
10-05-2019 17:57:58 - PHP Notice:  Undefined index: firstname no arquivo C:\wamp64\www\opencart\catalog\controller\account\register.php na linha 221
10-05-2019 17:57:58 - PHP Notice:  Undefined index: lastname no arquivo C:\wamp64\www\opencart\catalog\controller\account\register.php na linha 225
10-05-2019 17:57:58 - PHP Notice:  Undefined index: telephone no arquivo C:\wamp64\www\opencart\catalog\controller\account\register.php na linha 237
10-05-2019 17:57:58 - PHP Notice:  Undefined index: password no arquivo C:\wamp64\www\opencart\catalog\controller\account\register.php na linha 263
10-05-2019 17:57:58 - PHP Notice:  Undefined index: confirm no arquivo C:\wamp64\www\opencart\catalog\controller\account\register.php na linha 267
10-05-2019 17:57:58 - PHP Notice:  Undefined index: password no arquivo C:\wamp64\www\opencart\catalog\controller\account\register.php na linha 267
10-05-2019 17:58:04 - PHP Notice:  Undefined index: firstname no arquivo C:\wamp64\www\opencart\catalog\controller\account\register.php na linha 221
10-05-2019 17:58:04 - PHP Notice:  Undefined index: lastname no arquivo C:\wamp64\www\opencart\catalog\controller\account\register.php na linha 225
10-05-2019 17:58:04 - PHP Notice:  Undefined index: telephone no arquivo C:\wamp64\www\opencart\catalog\controller\account\register.php na linha 237
10-05-2019 17:58:04 - PHP Notice:  Undefined index: password no arquivo C:\wamp64\www\opencart\catalog\controller\account\register.php na linha 263
10-05-2019 17:58:04 - PHP Notice:  Undefined index: confirm no arquivo C:\wamp64\www\opencart\catalog\controller\account\register.php na linha 267
10-05-2019 17:58:04 - PHP Notice:  Undefined index: password no arquivo C:\wamp64\www\opencart\catalog\controller\account\register.php na linha 267
10-05-2019 17:58:08 - PHP Notice:  Undefined index: firstname no arquivo C:\wamp64\www\opencart\catalog\controller\account\register.php na linha 221
10-05-2019 17:58:08 - PHP Notice:  Undefined index: lastname no arquivo C:\wamp64\www\opencart\catalog\controller\account\register.php na linha 225
10-05-2019 17:58:08 - PHP Notice:  Undefined index: telephone no arquivo C:\wamp64\www\opencart\catalog\controller\account\register.php na linha 237
10-05-2019 17:58:08 - PHP Notice:  Undefined index: password no arquivo C:\wamp64\www\opencart\catalog\controller\account\register.php na linha 263
10-05-2019 17:58:08 - PHP Notice:  Undefined index: confirm no arquivo C:\wamp64\www\opencart\catalog\controller\account\register.php na linha 267
10-05-2019 17:58:08 - PHP Notice:  Undefined index: password no arquivo C:\wamp64\www\opencart\catalog\controller\account\register.php na linha 267
10-05-2019 18:05:03 - PHP Notice:  Undefined index: firstname no arquivo C:\wamp64\www\opencart\catalog\controller\account\register.php na linha 221
10-05-2019 18:05:03 - PHP Notice:  Undefined index: lastname no arquivo C:\wamp64\www\opencart\catalog\controller\account\register.php na linha 225
10-05-2019 18:05:03 - PHP Notice:  Undefined index: telephone no arquivo C:\wamp64\www\opencart\catalog\controller\account\register.php na linha 237
10-05-2019 18:05:03 - PHP Notice:  Undefined index: password no arquivo C:\wamp64\www\opencart\catalog\controller\account\register.php na linha 263
10-05-2019 18:05:03 - PHP Notice:  Undefined index: confirm no arquivo C:\wamp64\www\opencart\catalog\controller\account\register.php na linha 267
10-05-2019 18:05:03 - PHP Notice:  Undefined index: password no arquivo C:\wamp64\www\opencart\catalog\controller\account\register.php na linha 267
10-05-2019 18:05:14 - PHP Notice:  Undefined index: firstname no arquivo C:\wamp64\www\opencart\catalog\controller\account\register.php na linha 221
10-05-2019 18:05:14 - PHP Notice:  Undefined index: lastname no arquivo C:\wamp64\www\opencart\catalog\controller\account\register.php na linha 225
10-05-2019 18:05:14 - PHP Notice:  Undefined index: telephone no arquivo C:\wamp64\www\opencart\catalog\controller\account\register.php na linha 237
10-05-2019 18:05:14 - PHP Notice:  Undefined index: password no arquivo C:\wamp64\www\opencart\catalog\controller\account\register.php na linha 263
10-05-2019 18:05:14 - PHP Notice:  Undefined index: confirm no arquivo C:\wamp64\www\opencart\catalog\controller\account\register.php na linha 267
10-05-2019 18:05:14 - PHP Notice:  Undefined index: password no arquivo C:\wamp64\www\opencart\catalog\controller\account\register.php na linha 267
10-05-2019 18:05:28 - PHP Notice:  Undefined index: firstname no arquivo C:\wamp64\www\opencart\catalog\controller\account\register.php na linha 221
10-05-2019 18:05:28 - PHP Notice:  Undefined index: lastname no arquivo C:\wamp64\www\opencart\catalog\controller\account\register.php na linha 225
10-05-2019 18:05:28 - PHP Notice:  Undefined index: telephone no arquivo C:\wamp64\www\opencart\catalog\controller\account\register.php na linha 237
10-05-2019 18:05:28 - PHP Notice:  Undefined index: password no arquivo C:\wamp64\www\opencart\catalog\controller\account\register.php na linha 263
10-05-2019 18:05:28 - PHP Notice:  Undefined index: confirm no arquivo C:\wamp64\www\opencart\catalog\controller\account\register.php na linha 267
10-05-2019 18:05:28 - PHP Notice:  Undefined index: password no arquivo C:\wamp64\www\opencart\catalog\controller\account\register.php na linha 267
10-05-2019 18:42:12 - PHP Warning:  mail(): Failed to connect to mailserver at &quot;localhost&quot; port 25, verify your &quot;SMTP&quot; and &quot;smtp_port&quot; setting in php.ini or use ini_set() no arquivo C:\wamp64\www\opencart\system\library\mail\mail.php na linha 77
11-05-2019 1:15:51 - PHP Warning:  mail(): Failed to connect to mailserver at &quot;localhost&quot; port 25, verify your &quot;SMTP&quot; and &quot;smtp_port&quot; setting in php.ini or use ini_set() no arquivo C:\wamp64\www\opencart\system\library\mail\mail.php na linha 77
11-05-2019 2:00:07 - PHP Notice:  Undefined index: confirm_Email no arquivo C:\wamp64\www\opencart\catalog\controller\account\register.php na linha 283
11-05-2019 2:01:20 - PHP Notice:  Undefined index: confirm_Email no arquivo C:\wamp64\www\opencart\catalog\controller\account\register.php na linha 283
11-05-2019 2:01:33 - PHP Notice:  Undefined index: confirm_Email no arquivo C:\wamp64\www\opencart\catalog\controller\account\register.php na linha 283
11-05-2019 2:02:44 - PHP Warning:  mail(): Failed to connect to mailserver at &quot;localhost&quot; port 25, verify your &quot;SMTP&quot; and &quot;smtp_port&quot; setting in php.ini or use ini_set() no arquivo C:\wamp64\www\opencart\system\library\mail\mail.php na linha 77
11-05-2019 2:05:19 - PHP Warning:  mail(): Failed to connect to mailserver at &quot;localhost&quot; port 25, verify your &quot;SMTP&quot; and &quot;smtp_port&quot; setting in php.ini or use ini_set() no arquivo C:\wamp64\www\opencart\system\library\mail\mail.php na linha 77
11-05-2019 2:08:22 - PHP Warning:  mail(): Failed to connect to mailserver at &quot;localhost&quot; port 25, verify your &quot;SMTP&quot; and &quot;smtp_port&quot; setting in php.ini or use ini_set() no arquivo C:\wamp64\www\opencart\system\library\mail\mail.php na linha 77
11-05-2019 2:09:14 - PHP Notice:  Undefined index: confirm_Email no arquivo C:\wamp64\www\opencart\catalog\controller\account\register.php na linha 283
11-05-2019 2:11:36 - PHP Notice:  Undefined index: confirm_Email no arquivo C:\wamp64\www\opencart\catalog\controller\account\register.php na linha 190
11-05-2019 2:11:58 - PHP Notice:  Undefined index: confirm_Email no arquivo C:\wamp64\www\opencart\catalog\controller\account\register.php na linha 190
11-05-2019 2:17:51 - PHP Notice:  Undefined index: confirm_Email no arquivo C:\wamp64\www\opencart\catalog\controller\account\register.php na linha 190
11-05-2019 2:19:32 - PHP Notice:  Undefined index: confirm_Email no arquivo C:\wamp64\www\opencart\catalog\controller\account\register.php na linha 283
11-05-2019 2:19:45 - PHP Notice:  Undefined index: confirm_Email no arquivo C:\wamp64\www\opencart\catalog\controller\account\register.php na linha 283
11-05-2019 2:19:57 - PHP Notice:  Undefined index: confirm_Email no arquivo C:\wamp64\www\opencart\catalog\controller\account\register.php na linha 283
11-05-2019 2:20:57 - PHP Notice:  Undefined index: confirm_Email no arquivo C:\wamp64\www\opencart\catalog\controller\account\register.php na linha 283
11-05-2019 2:21:09 - PHP Notice:  Undefined index: confirm_Email no arquivo C:\wamp64\www\opencart\catalog\controller\account\register.php na linha 283
11-05-2019 2:23:54 - PHP Warning:  mail(): Failed to connect to mailserver at &quot;localhost&quot; port 25, verify your &quot;SMTP&quot; and &quot;smtp_port&quot; setting in php.ini or use ini_set() no arquivo C:\wamp64\www\opencart\system\library\mail\mail.php na linha 77
11-05-2019 2:32:00 - PHP Warning:  mail(): Failed to connect to mailserver at &quot;localhost&quot; port 25, verify your &quot;SMTP&quot; and &quot;smtp_port&quot; setting in php.ini or use ini_set() no arquivo C:\wamp64\www\opencart\system\library\mail\mail.php na linha 77
11-05-2019 2:33:00 - PHP Warning:  mail(): Failed to connect to mailserver at &quot;localhost&quot; port 25, verify your &quot;SMTP&quot; and &quot;smtp_port&quot; setting in php.ini or use ini_set() no arquivo C:\wamp64\www\opencart\system\library\mail\mail.php na linha 77
11-05-2019 2:34:23 - PHP Warning:  mail(): Failed to connect to mailserver at &quot;localhost&quot; port 25, verify your &quot;SMTP&quot; and &quot;smtp_port&quot; setting in php.ini or use ini_set() no arquivo C:\wamp64\www\opencart\system\library\mail\mail.php na linha 77
13-05-2019 22:25:45 - PHP Warning:  mail(): Failed to connect to mailserver at &quot;localhost&quot; port 25, verify your &quot;SMTP&quot; and &quot;smtp_port&quot; setting in php.ini or use ini_set() no arquivo C:\wamp64\www\opencart\system\library\mail\mail.php na linha 77
15-05-2019 0:27:16 - Exception:  Erro: Não foi possível conectar-se ao banco de dados! no arquivo C:\wamp64\www\opencart\system\library\db\mysqli.php na linha 13
15-05-2019 0:27:19 - Exception:  Erro: Não foi possível conectar-se ao banco de dados! no arquivo C:\wamp64\www\opencart\system\library\db\mysqli.php na linha 13
15-05-2019 0:27:20 - Exception:  Erro: Não foi possível conectar-se ao banco de dados! no arquivo C:\wamp64\www\opencart\system\library\db\mysqli.php na linha 13
15-05-2019 0:27:21 - Exception:  Erro: Não foi possível conectar-se ao banco de dados! no arquivo C:\wamp64\www\opencart\system\library\db\mysqli.php na linha 13
15-05-2019 0:27:23 - Exception:  Erro: Não foi possível conectar-se ao banco de dados! no arquivo C:\wamp64\www\opencart\system\library\db\mysqli.php na linha 13
15-05-2019 0:27:24 - Exception:  Erro: Não foi possível conectar-se ao banco de dados! no arquivo C:\wamp64\www\opencart\system\library\db\mysqli.php na linha 13
15-05-2019 0:27:25 - Exception:  Erro: Não foi possível conectar-se ao banco de dados! no arquivo C:\wamp64\www\opencart\system\library\db\mysqli.php na linha 13
15-05-2019 0:31:03 - Exception:  Erro: Não foi possível conectar-se ao banco de dados! no arquivo C:\wamp64\www\opencart\system\library\db\mysqli.php na linha 13
15-05-2019 0:34:09 - Exception:  Erro: Não foi possível conectar-se ao banco de dados! no arquivo C:\wamp64\www\opencart\system\library\db\mysqli.php na linha 13
15-05-2019 0:35:43 - PHP Warning:  mail(): Failed to connect to mailserver at &quot;localhost&quot; port 25, verify your &quot;SMTP&quot; and &quot;smtp_port&quot; setting in php.ini or use ini_set() no arquivo C:\wamp64\www\opencart\system\library\mail\mail.php na linha 77
15-05-2019 14:20:12 - Twig_Error_Syntax:  Unexpected "endfor" tag (expecting closing tag for the "if" tag defined near line 105) in "__string_template__5bdf14782a92a46ac7a9ace4e73b35034753c930aa7b354fd343adb3d11b5408" at line 213. no arquivo C:\wamp64\www\opencart\system\library\template\Twig\Parser.php na linha 172
15-05-2019 15:14:06 - PHP Notice:  Undefined index: country_id no arquivo C:\wamp64\www\opencart\catalog\controller\account\address.php na linha 447
15-05-2019 15:14:06 - PHP Notice:  Undefined index: country_id no arquivo C:\wamp64\www\opencart\catalog\controller\account\address.php na linha 453
15-05-2019 15:14:20 - PHP Notice:  Undefined index: country_id no arquivo C:\wamp64\www\opencart\catalog\controller\account\address.php na linha 447
15-05-2019 15:14:20 - PHP Notice:  Undefined index: country_id no arquivo C:\wamp64\www\opencart\catalog\controller\account\address.php na linha 453
15-05-2019 15:15:12 - PHP Notice:  Undefined index: country_id no arquivo C:\wamp64\www\opencart\catalog\controller\account\address.php na linha 447
15-05-2019 15:15:12 - PHP Notice:  Undefined index: country_id no arquivo C:\wamp64\www\opencart\catalog\controller\account\address.php na linha 453
15-05-2019 19:58:15 - Twig_Error_Syntax:  Unexpected "}" in "__string_template__7d5e1b2a468cc6f828f22435ff676768f4f97387e7a2fd17da50426fa42b4c68" at line 226. no arquivo C:\wamp64\www\opencart\system\library\template\Twig\Lexer.php na linha 259
15-05-2019 23:43:20 - Exception:  Erro: Não foi possível conectar-se ao banco de dados! no arquivo C:\xampp\htdocs\opencart\system\library\db\mysqli.php na linha 13
21-05-2019 0:47:57 - Twig_Error_Syntax:  Unexpected token "end of print statement" of value "" in "__string_template__d81b7a4fce2ba8d12b8426747bc0e0d3d891daf410fe9273320557adba907ed0" at line 146. no arquivo C:\xampp\htdocs\OC_fiodourado\system\library\template\Twig\ExpressionParser.php na linha 190
21-05-2019 0:54:06 - Twig_Error_Syntax:  Unexpected end of template in "__string_template__78e3fef1841b5aae02bbb1fe4f3267d8496e315c92c1e626633dd61a9c3a5415" at line 232. no arquivo C:\xampp\htdocs\OC_fiodourado\system\library\template\Twig\TokenStream.php na linha 59
21-05-2019 1:19:18 - Twig_Error_Syntax:  Unexpected token "name" of value "cart" ("end of print statement" expected) in "__string_template__e226fd8bf34ce42935f3d74427d8b50bfa549294b3c3e90a65d37b8109118094" at line 146. no arquivo C:\xampp\htdocs\OC_fiodourado\system\library\template\Twig\TokenStream.php na linha 87
